[0.079s] DEBUG:colcon:Command line arguments: ['/usr/bin/colcon', 'build']
[0.079s] DEBUG:colcon:Parsed command line arguments: Namespace(log_base=None, log_level=None, verb_name='build', build_base='build', install_base='install', merge_install=False, symlink_install=False, test_result_base=None, continue_on_error=False, executor='parallel', parallel_workers=20, event_handlers=None, ignore_user_meta=False, metas=['./colcon.meta'], base_paths=['.'], packages_ignore=None, packages_ignore_regex=None, paths=None, packages_up_to=None, packages_up_to_regex=None, packages_above=None, packages_above_and_dependencies=None, packages_above_depth=None, packages_select_by_dep=None, packages_skip_by_dep=None, packages_skip_up_to=None, packages_select_build_failed=False, packages_skip_build_finished=False, packages_select_test_failures=False, packages_skip_test_passed=False, packages_select=None, packages_skip=None, packages_select_regex=None, packages_skip_regex=None, packages_start=None, packages_end=None, allow_overriding=[], cmake_args=None, cmake_target=None, cmake_target_skip_unavailable=False, cmake_clean_cache=False, cmake_clean_first=False, cmake_force_configure=False, ament_cmake_args=None, catkin_cmake_args=None, catkin_skip_building_tests=False, verb_parser=<colcon_defaults.argument_parser.defaults.DefaultArgumentsDecorator object at 0x7227e4f519f0>, verb_extension=<colcon_core.verb.build.BuildVerb object at 0x7227e4f51420>, main=<bound method BuildVerb.main of <colcon_core.verb.build.BuildVerb object at 0x7227e4f51420>>)
[0.168s] Level 1:colcon.colcon_core.package_discovery:discover_packages(colcon_meta) check parameters
[0.168s] Level 1:colcon.colcon_core.package_discovery:discover_packages(recursive) check parameters
[0.168s] Level 1:colcon.colcon_core.package_discovery:discover_packages(ignore) check parameters
[0.168s] Level 1:colcon.colcon_core.package_discovery:discover_packages(path) check parameters
[0.168s] Level 1:colcon.colcon_core.package_discovery:discover_packages(colcon_meta) discover
[0.168s] Level 1:colcon.colcon_core.package_discovery:discover_packages(recursive) discover
[0.168s] INFO:colcon.colcon_core.package_discovery:Crawling recursively for packages in '/home/atwork/caramelo_goiania_final/src'
[0.168s] Level 1:colcon.colcon_core.package_identification:_identify(.) by extensions ['ignore', 'ignore_ament_install']
[0.169s] Level 1:colcon.colcon_core.package_identification:_identify(.) by extension 'ignore'
[0.169s] Level 1:colcon.colcon_core.package_identification:_identify(.) by extension 'ignore_ament_install'
[0.169s] Level 1:colcon.colcon_core.package_identification:_identify(.) by extensions ['colcon_pkg']
[0.169s] Level 1:colcon.colcon_core.package_identification:_identify(.) by extension 'colcon_pkg'
[0.169s] Level 1:colcon.colcon_core.package_identification:_identify(.) by extensions ['colcon_meta']
[0.169s] Level 1:colcon.colcon_core.package_identification:_identify(.) by extension 'colcon_meta'
[0.169s] Level 1:colcon.colcon_core.package_identification:_identify(.) by extensions ['ros']
[0.169s] Level 1:colcon.colcon_core.package_identification:_identify(.) by extension 'ros'
[0.174s] Level 1:colcon.colcon_core.package_identification:_identify(.) by extensions ['cmake', 'python']
[0.174s] Level 1:colcon.colcon_core.package_identification:_identify(.) by extension 'cmake'
[0.175s] Level 1:colcon.colcon_core.package_identification:_identify(.) by extension 'python'
[0.175s] Level 1:colcon.colcon_core.package_identification:_identify(.) by extensions ['python_setup_py']
[0.175s] Level 1:colcon.colcon_core.package_identification:_identify(.) by extension 'python_setup_py'
[0.175s] Level 1:colcon.colcon_core.package_identification:_identify(build) by extensions ['ignore', 'ignore_ament_install']
[0.175s] Level 1:colcon.colcon_core.package_identification:_identify(build) by extension 'ignore'
[0.175s] Level 1:colcon.colcon_core.package_identification:_identify(build) ignored
[0.175s] Level 1:colcon.colcon_core.package_identification:_identify(install) by extensions ['ignore', 'ignore_ament_install']
[0.175s] Level 1:colcon.colcon_core.package_identification:_identify(install) by extension 'ignore'
[0.175s] Level 1:colcon.colcon_core.package_identification:_identify(install) ignored
[0.175s] Level 1:colcon.colcon_core.package_identification:_identify(log) by extensions ['ignore', 'ignore_ament_install']
[0.175s] Level 1:colcon.colcon_core.package_identification:_identify(log) by extension 'ignore'
[0.175s] Level 1:colcon.colcon_core.package_identification:_identify(log) ignored
[0.175s] Level 1:colcon.colcon_core.package_identification:_identify(mapeamento_package) by extensions ['ignore', 'ignore_ament_install']
[0.175s] Level 1:colcon.colcon_core.package_identification:_identify(mapeamento_package) by extension 'ignore'
[0.175s] Level 1:colcon.colcon_core.package_identification:_identify(mapeamento_package) by extension 'ignore_ament_install'
[0.175s] Level 1:colcon.colcon_core.package_identification:_identify(mapeamento_package) by extensions ['colcon_pkg']
[0.175s] Level 1:colcon.colcon_core.package_identification:_identify(mapeamento_package) by extension 'colcon_pkg'
[0.175s] Level 1:colcon.colcon_core.package_identification:_identify(mapeamento_package) by extensions ['colcon_meta']
[0.175s] Level 1:colcon.colcon_core.package_identification:_identify(mapeamento_package) by extension 'colcon_meta'
[0.175s] Level 1:colcon.colcon_core.package_identification:_identify(mapeamento_package) by extensions ['ros']
[0.175s] Level 1:colcon.colcon_core.package_identification:_identify(mapeamento_package) by extension 'ros'
[0.177s] DEBUG:colcon.colcon_core.package_identification:Package 'mapeamento_package' with type 'ros.ament_python' and name 'mapeamento_package'
[0.177s] Level 1:colcon.colcon_core.package_discovery:discover_packages(recursive) using defaults
[0.177s] Level 1:colcon.colcon_core.package_discovery:discover_packages(ignore) discover
[0.177s] Level 1:colcon.colcon_core.package_discovery:discover_packages(ignore) using defaults
[0.177s] Level 1:colcon.colcon_core.package_discovery:discover_packages(path) discover
[0.177s] Level 1:colcon.colcon_core.package_discovery:discover_packages(path) using defaults
[0.192s] Level 1:colcon.colcon_core.package_discovery:discover_packages(prefix_path) check parameters
[0.192s] Level 1:colcon.colcon_core.package_discovery:discover_packages(prefix_path) discover
[0.193s] DEBUG:colcon.colcon_installed_package_information.package_discovery:Found 395 installed packages in /opt/ros/humble
[0.194s] Level 1:colcon.colcon_core.package_discovery:discover_packages(prefix_path) using defaults
[0.216s] Level 5:colcon.colcon_core.verb:set package 'mapeamento_package' build argument 'cmake_args' from command line to 'None'
[0.216s] Level 5:colcon.colcon_core.verb:set package 'mapeamento_package' build argument 'cmake_target' from command line to 'None'
[0.216s] Level 5:colcon.colcon_core.verb:set package 'mapeamento_package' build argument 'cmake_target_skip_unavailable' from command line to 'False'
[0.216s] Level 5:colcon.colcon_core.verb:set package 'mapeamento_package' build argument 'cmake_clean_cache' from command line to 'False'
[0.216s] Level 5:colcon.colcon_core.verb:set package 'mapeamento_package' build argument 'cmake_clean_first' from command line to 'False'
[0.216s] Level 5:colcon.colcon_core.verb:set package 'mapeamento_package' build argument 'cmake_force_configure' from command line to 'False'
[0.216s] Level 5:colcon.colcon_core.verb:set package 'mapeamento_package' build argument 'ament_cmake_args' from command line to 'None'
[0.216s] Level 5:colcon.colcon_core.verb:set package 'mapeamento_package' build argument 'catkin_cmake_args' from command line to 'None'
[0.216s] Level 5:colcon.colcon_core.verb:set package 'mapeamento_package' build argument 'catkin_skip_building_tests' from command line to 'False'
[0.216s] DEBUG:colcon.colcon_core.verb:Building package 'mapeamento_package' with the following arguments: {'ament_cmake_args': None, 'build_base': '/home/atwork/caramelo_goiania_final/src/build/mapeamento_package', 'catkin_cmake_args': None, 'catkin_skip_building_tests': False, 'cmake_args': None, 'cmake_clean_cache': False, 'cmake_clean_first': False, 'cmake_force_configure': False, 'cmake_target': None, 'cmake_target_skip_unavailable': False, 'install_base': '/home/atwork/caramelo_goiania_final/src/install/mapeamento_package', 'merge_install': False, 'path': '/home/atwork/caramelo_goiania_final/src/mapeamento_package', 'symlink_install': False, 'test_result_base': None}
[0.216s] INFO:colcon.colcon_core.executor:Executing jobs using 'parallel' executor
[0.217s] DEBUG:colcon.colcon_parallel_executor.executor.parallel:run_until_complete
[0.217s] INFO:colcon.colcon_ros.task.ament_python.build:Building ROS package in '/home/atwork/caramelo_goiania_final/src/mapeamento_package' with build type 'ament_python'
[0.217s] Level 1:colcon.colcon_core.shell:create_environment_hook('mapeamento_package', 'ament_prefix_path')
[0.218s] INFO:colcon.colcon_core.plugin_system:Skipping extension 'colcon_core.shell.bat': Not used on non-Windows systems
[0.218s] INFO:colcon.colcon_core.shell:Creating environment hook '/home/atwork/caramelo_goiania_final/src/install/mapeamento_package/share/mapeamento_package/hook/ament_prefix_path.ps1'
[0.218s] INFO:colcon.colcon_core.shell:Creating environment descriptor '/home/atwork/caramelo_goiania_final/src/install/mapeamento_package/share/mapeamento_package/hook/ament_prefix_path.dsv'
[0.218s] INFO:colcon.colcon_core.shell:Creating environment hook '/home/atwork/caramelo_goiania_final/src/install/mapeamento_package/share/mapeamento_package/hook/ament_prefix_path.sh'
[0.219s] INFO:colcon.colcon_core.shell:Skip shell extension 'powershell' for command environment: Not usable outside of PowerShell
[0.219s] DEBUG:colcon.colcon_core.shell:Skip shell extension 'dsv' for command environment
[0.666s] INFO:colcon.colcon_core.task.python.build:Building Python package in '/home/atwork/caramelo_goiania_final/src/mapeamento_package'
[0.666s] INFO:colcon.colcon_core.shell:Skip shell extension 'powershell' for command environment: Not usable outside of PowerShell
[0.666s] DEBUG:colcon.colcon_core.shell:Skip shell extension 'dsv' for command environment
[0.996s] DEBUG:colcon.colcon_core.event_handler.log_command:Invoking command in '/home/atwork/caramelo_goiania_final/src/mapeamento_package': PYTHONPATH=/home/atwork/caramelo_goiania_final/src/build/mapeamento_package/prefix_override:/usr/lib/python3/dist-packages/colcon_core/task/python/colcon_distutils_commands:/home/atwork/caramelo_goiania_final/src/install/mapeamento_package/lib/python3.10/site-packages:${PYTHONPATH} /usr/bin/python3 -W ignore:setup.py install is deprecated setup.py egg_info --egg-base ../build/mapeamento_package build --build-base /home/atwork/caramelo_goiania_final/src/build/mapeamento_package/build install --record /home/atwork/caramelo_goiania_final/src/build/mapeamento_package/install.log --single-version-externally-managed install_data
[1.285s] DEBUG:colcon.colcon_core.event_handler.log_command:Invoked command in '/home/atwork/caramelo_goiania_final/src/mapeamento_package' returned '0': PYTHONPATH=/home/atwork/caramelo_goiania_final/src/build/mapeamento_package/prefix_override:/usr/lib/python3/dist-packages/colcon_core/task/python/colcon_distutils_commands:/home/atwork/caramelo_goiania_final/src/install/mapeamento_package/lib/python3.10/site-packages:${PYTHONPATH} /usr/bin/python3 -W ignore:setup.py install is deprecated setup.py egg_info --egg-base ../build/mapeamento_package build --build-base /home/atwork/caramelo_goiania_final/src/build/mapeamento_package/build install --record /home/atwork/caramelo_goiania_final/src/build/mapeamento_package/install.log --single-version-externally-managed install_data
[1.287s] Level 1:colcon.colcon_core.environment:checking '/home/atwork/caramelo_goiania_final/src/install/mapeamento_package' for CMake module files
[1.287s] Level 1:colcon.colcon_core.environment:checking '/home/atwork/caramelo_goiania_final/src/install/mapeamento_package' for CMake config files
[1.287s] Level 1:colcon.colcon_core.environment:checking '/home/atwork/caramelo_goiania_final/src/install/mapeamento_package/lib'
[1.287s] Level 1:colcon.colcon_core.environment:checking '/home/atwork/caramelo_goiania_final/src/install/mapeamento_package/bin'
[1.287s] Level 1:colcon.colcon_core.shell:create_environment_hook('mapeamento_package', 'path')
[1.287s] INFO:colcon.colcon_core.shell:Creating environment hook '/home/atwork/caramelo_goiania_final/src/install/mapeamento_package/share/mapeamento_package/hook/path.ps1'
[1.288s] INFO:colcon.colcon_core.shell:Creating environment descriptor '/home/atwork/caramelo_goiania_final/src/install/mapeamento_package/share/mapeamento_package/hook/path.dsv'
[1.288s] INFO:colcon.colcon_core.shell:Creating environment hook '/home/atwork/caramelo_goiania_final/src/install/mapeamento_package/share/mapeamento_package/hook/path.sh'
[1.288s] Level 1:colcon.colcon_core.environment:checking '/home/atwork/caramelo_goiania_final/src/install/mapeamento_package/lib/pkgconfig/mapeamento_package.pc'
[1.288s] Level 1:colcon.colcon_core.environment:checking '/home/atwork/caramelo_goiania_final/src/install/mapeamento_package/lib/python3.10/site-packages'
[1.288s] Level 1:colcon.colcon_core.shell:create_environment_hook('mapeamento_package', 'pythonpath')
[1.288s] INFO:colcon.colcon_core.shell:Creating environment hook '/home/atwork/caramelo_goiania_final/src/install/mapeamento_package/share/mapeamento_package/hook/pythonpath.ps1'
[1.288s] INFO:colcon.colcon_core.shell:Creating environment descriptor '/home/atwork/caramelo_goiania_final/src/install/mapeamento_package/share/mapeamento_package/hook/pythonpath.dsv'
[1.289s] INFO:colcon.colcon_core.shell:Creating environment hook '/home/atwork/caramelo_goiania_final/src/install/mapeamento_package/share/mapeamento_package/hook/pythonpath.sh'
[1.289s] Level 1:colcon.colcon_core.environment:checking '/home/atwork/caramelo_goiania_final/src/install/mapeamento_package/bin'
[1.289s] Level 1:colcon.colcon_core.shell:create_environment_hook('mapeamento_package', 'pythonscriptspath')
[1.289s] INFO:colcon.colcon_core.shell:Creating environment hook '/home/atwork/caramelo_goiania_final/src/install/mapeamento_package/share/mapeamento_package/hook/pythonscriptspath.ps1'
[1.289s] INFO:colcon.colcon_core.shell:Creating environment descriptor '/home/atwork/caramelo_goiania_final/src/install/mapeamento_package/share/mapeamento_package/hook/pythonscriptspath.dsv'
[1.289s] INFO:colcon.colcon_core.shell:Creating environment hook '/home/atwork/caramelo_goiania_final/src/install/mapeamento_package/share/mapeamento_package/hook/pythonscriptspath.sh'
[1.289s] Level 1:colcon.colcon_core.environment:create_environment_scripts_only(mapeamento_package)
[1.290s] INFO:colcon.colcon_core.shell:Creating package script '/home/atwork/caramelo_goiania_final/src/install/mapeamento_package/share/mapeamento_package/package.ps1'
[1.290s] INFO:colcon.colcon_core.shell:Creating package descriptor '/home/atwork/caramelo_goiania_final/src/install/mapeamento_package/share/mapeamento_package/package.dsv'
[1.290s] INFO:colcon.colcon_core.shell:Creating package script '/home/atwork/caramelo_goiania_final/src/install/mapeamento_package/share/mapeamento_package/package.sh'
[1.291s] INFO:colcon.colcon_core.shell:Creating package script '/home/atwork/caramelo_goiania_final/src/install/mapeamento_package/share/mapeamento_package/package.bash'
[1.291s] INFO:colcon.colcon_core.shell:Creating package script '/home/atwork/caramelo_goiania_final/src/install/mapeamento_package/share/mapeamento_package/package.zsh'
[1.291s] Level 1:colcon.colcon_core.environment:create_file_with_runtime_dependencies(/home/atwork/caramelo_goiania_final/src/install/mapeamento_package/share/colcon-core/packages/mapeamento_package)
[1.291s] DEBUG:colcon.colcon_parallel_executor.executor.parallel:closing loop
[1.292s] DEBUG:colcon.colcon_parallel_executor.executor.parallel:loop closed
[1.292s] DEBUG:colcon.colcon_parallel_executor.executor.parallel:run_until_complete finished with '0'
[1.292s] DEBUG:colcon.colcon_core.event_reactor:joining thread
[1.294s] INFO:colcon.colcon_core.plugin_system:Skipping extension 'colcon_notification.desktop_notification.terminal_notifier': Not used on non-Darwin systems
[1.294s] INFO:colcon.colcon_core.plugin_system:Skipping extension 'colcon_notification.desktop_notification.win32': Not used on non-Windows systems
[1.294s] INFO:colcon.colcon_notification.desktop_notification:Sending desktop notification using 'notify2'
[1.302s] DEBUG:colcon.colcon_core.event_reactor:joined thread
[1.302s] INFO:colcon.colcon_core.shell:Creating prefix script '/home/atwork/caramelo_goiania_final/src/install/local_setup.ps1'
[1.303s] INFO:colcon.colcon_core.shell:Creating prefix util module '/home/atwork/caramelo_goiania_final/src/install/_local_setup_util_ps1.py'
[1.305s] INFO:colcon.colcon_core.shell:Creating prefix chain script '/home/atwork/caramelo_goiania_final/src/install/setup.ps1'
[1.306s] INFO:colcon.colcon_core.shell:Creating prefix script '/home/atwork/caramelo_goiania_final/src/install/local_setup.sh'
[1.307s] INFO:colcon.colcon_core.shell:Creating prefix util module '/home/atwork/caramelo_goiania_final/src/install/_local_setup_util_sh.py'
[1.308s] INFO:colcon.colcon_core.shell:Creating prefix chain script '/home/atwork/caramelo_goiania_final/src/install/setup.sh'
[1.309s] INFO:colcon.colcon_core.shell:Creating prefix script '/home/atwork/caramelo_goiania_final/src/install/local_setup.bash'
[1.310s] INFO:colcon.colcon_core.shell:Creating prefix chain script '/home/atwork/caramelo_goiania_final/src/install/setup.bash'
[1.311s] INFO:colcon.colcon_core.shell:Creating prefix script '/home/atwork/caramelo_goiania_final/src/install/local_setup.zsh'
[1.311s] INFO:colcon.colcon_core.shell:Creating prefix chain script '/home/atwork/caramelo_goiania_final/src/install/setup.zsh'
