[0.487s] Invoking command in '/home/atwork/caramelo_goiania_final/src/mapeamento_package': PYTHONPATH=/home/atwork/caramelo_goiania_final/src/build/mapeamento_package/prefix_override:/usr/lib/python3/dist-packages/colcon_core/task/python/colcon_distutils_commands:/home/atwork/caramelo_goiania_final/src/install/mapeamento_package/lib/python3.10/site-packages:${PYTHONPATH} /usr/bin/python3 -W ignore:setup.py install is deprecated setup.py egg_info --egg-base ../build/mapeamento_package build --build-base /home/atwork/caramelo_goiania_final/src/build/mapeamento_package/build install --record /home/atwork/caramelo_goiania_final/src/build/mapeamento_package/install.log --single-version-externally-managed install_data
[0.853s] running egg_info
[0.854s] writing ../build/mapeamento_package/mapeamento_package.egg-info/PKG-INFO
[0.854s] writing dependency_links to ../build/mapeamento_package/mapeamento_package.egg-info/dependency_links.txt
[0.855s] writing entry points to ../build/mapeamento_package/mapeamento_package.egg-info/entry_points.txt
[0.855s] writing requirements to ../build/mapeamento_package/mapeamento_package.egg-info/requires.txt
[0.855s] writing top-level names to ../build/mapeamento_package/mapeamento_package.egg-info/top_level.txt
[0.859s] reading manifest file '../build/mapeamento_package/mapeamento_package.egg-info/SOURCES.txt'
[0.861s] writing manifest file '../build/mapeamento_package/mapeamento_package.egg-info/SOURCES.txt'
[0.862s] running build
[0.862s] running build_py
[0.862s] running install
[0.863s] running install_lib
[0.865s] running install_data
[0.866s] running install_egg_info
[0.870s] removing '/home/atwork/caramelo_goiania_final/src/install/mapeamento_package/lib/python3.10/site-packages/mapeamento_package-0.0.0-py3.10.egg-info' (and everything under it)
[0.871s] Copying ../build/mapeamento_package/mapeamento_package.egg-info to /home/atwork/caramelo_goiania_final/src/install/mapeamento_package/lib/python3.10/site-packages/mapeamento_package-0.0.0-py3.10.egg-info
[0.872s] running install_scripts
[0.919s] Installing odom_node script to /home/atwork/caramelo_goiania_final/src/install/mapeamento_package/bin
[0.920s] writing list of installed files to '/home/atwork/caramelo_goiania_final/src/build/mapeamento_package/install.log'
[0.972s] Invoked command in '/home/atwork/caramelo_goiania_final/src/mapeamento_package' returned '0': PYTHONPATH=/home/atwork/caramelo_goiania_final/src/build/mapeamento_package/prefix_override:/usr/lib/python3/dist-packages/colcon_core/task/python/colcon_distutils_commands:/home/atwork/caramelo_goiania_final/src/install/mapeamento_package/lib/python3.10/site-packages:${PYTHONPATH} /usr/bin/python3 -W ignore:setup.py install is deprecated setup.py egg_info --egg-base ../build/mapeamento_package build --build-base /home/atwork/caramelo_goiania_final/src/build/mapeamento_package/build install --record /home/atwork/caramelo_goiania_final/src/build/mapeamento_package/install.log --single-version-externally-managed install_data
