[0.779s] Invoking command in '/home/atwork/caramelo_goiania_final/src/mapeamento_package': PYTHONPATH=/home/atwork/caramelo_goiania_final/src/build/mapeamento_package/prefix_override:/usr/lib/python3/dist-packages/colcon_core/task/python/colcon_distutils_commands:/home/atwork/caramelo_goiania_final/src/install/mapeamento_package/lib/python3.10/site-packages:${PYTHONPATH} /usr/bin/python3 -W ignore:setup.py install is deprecated setup.py egg_info --egg-base ../build/mapeamento_package build --build-base /home/atwork/caramelo_goiania_final/src/build/mapeamento_package/build install --record /home/atwork/caramelo_goiania_final/src/build/mapeamento_package/install.log --single-version-externally-managed install_data
[1.041s] running egg_info
[1.041s] writing ../build/mapeamento_package/mapeamento_package.egg-info/PKG-INFO
[1.041s] writing dependency_links to ../build/mapeamento_package/mapeamento_package.egg-info/dependency_links.txt
[1.041s] writing entry points to ../build/mapeamento_package/mapeamento_package.egg-info/entry_points.txt
[1.041s] writing requirements to ../build/mapeamento_package/mapeamento_package.egg-info/requires.txt
[1.041s] writing top-level names to ../build/mapeamento_package/mapeamento_package.egg-info/top_level.txt
[1.042s] reading manifest file '../build/mapeamento_package/mapeamento_package.egg-info/SOURCES.txt'
[1.043s] writing manifest file '../build/mapeamento_package/mapeamento_package.egg-info/SOURCES.txt'
[1.043s] running build
[1.043s] running build_py
[1.043s] running install
[1.043s] running install_lib
[1.044s] running install_data
[1.044s] running install_egg_info
[1.045s] removing '/home/atwork/caramelo_goiania_final/src/install/mapeamento_package/lib/python3.10/site-packages/mapeamento_package-0.0.0-py3.10.egg-info' (and everything under it)
[1.045s] Copying ../build/mapeamento_package/mapeamento_package.egg-info to /home/atwork/caramelo_goiania_final/src/install/mapeamento_package/lib/python3.10/site-packages/mapeamento_package-0.0.0-py3.10.egg-info
[1.045s] running install_scripts
[1.056s] Installing odom_node script to /home/atwork/caramelo_goiania_final/src/install/mapeamento_package/bin
[1.056s] writing list of installed files to '/home/atwork/caramelo_goiania_final/src/build/mapeamento_package/install.log'
[1.068s] Invoked command in '/home/atwork/caramelo_goiania_final/src/mapeamento_package' returned '0': PYTHONPATH=/home/atwork/caramelo_goiania_final/src/build/mapeamento_package/prefix_override:/usr/lib/python3/dist-packages/colcon_core/task/python/colcon_distutils_commands:/home/atwork/caramelo_goiania_final/src/install/mapeamento_package/lib/python3.10/site-packages:${PYTHONPATH} /usr/bin/python3 -W ignore:setup.py install is deprecated setup.py egg_info --egg-base ../build/mapeamento_package build --build-base /home/atwork/caramelo_goiania_final/src/build/mapeamento_package/build install --record /home/atwork/caramelo_goiania_final/src/build/mapeamento_package/install.log --single-version-externally-managed install_data
