[0.642s] Invoking command in '/home/atwork/caramelo_goiania_final/src/mapeamento_package': PYTHONPATH=/home/atwork/caramelo_goiania_final/src/build/mapeamento_package/prefix_override:/usr/lib/python3/dist-packages/colcon_core/task/python/colcon_distutils_commands:/home/atwork/caramelo_goiania_final/src/install/mapeamento_package/lib/python3.10/site-packages:${PYTHONPATH} /usr/bin/python3 -W ignore:setup.py install is deprecated setup.py egg_info --egg-base ../build/mapeamento_package build --build-base /home/atwork/caramelo_goiania_final/src/build/mapeamento_package/build install --record /home/atwork/caramelo_goiania_final/src/build/mapeamento_package/install.log --single-version-externally-managed install_data
[0.868s] running egg_info
[0.868s] creating ../build/mapeamento_package/mapeamento_package.egg-info
[0.868s] writing ../build/mapeamento_package/mapeamento_package.egg-info/PKG-INFO
[0.868s] writing dependency_links to ../build/mapeamento_package/mapeamento_package.egg-info/dependency_links.txt
[0.868s] writing entry points to ../build/mapeamento_package/mapeamento_package.egg-info/entry_points.txt
[0.868s] writing requirements to ../build/mapeamento_package/mapeamento_package.egg-info/requires.txt
[0.869s] writing top-level names to ../build/mapeamento_package/mapeamento_package.egg-info/top_level.txt
[0.869s] writing manifest file '../build/mapeamento_package/mapeamento_package.egg-info/SOURCES.txt'
[0.869s] reading manifest file '../build/mapeamento_package/mapeamento_package.egg-info/SOURCES.txt'
[0.870s] writing manifest file '../build/mapeamento_package/mapeamento_package.egg-info/SOURCES.txt'
[0.870s] running build
[0.870s] running build_py
[0.870s] creating /home/atwork/caramelo_goiania_final/src/build/mapeamento_package/build
[0.870s] creating /home/atwork/caramelo_goiania_final/src/build/mapeamento_package/build/lib
[0.870s] creating /home/atwork/caramelo_goiania_final/src/build/mapeamento_package/build/lib/mapeamento_package
[0.870s] copying mapeamento_package/odom.py -> /home/atwork/caramelo_goiania_final/src/build/mapeamento_package/build/lib/mapeamento_package
[0.870s] copying mapeamento_package/__init__.py -> /home/atwork/caramelo_goiania_final/src/build/mapeamento_package/build/lib/mapeamento_package
[0.870s] running install
[0.870s] running install_lib
[0.871s] creating /home/atwork/caramelo_goiania_final/src/install/mapeamento_package/lib/python3.10/site-packages/mapeamento_package
[0.871s] copying /home/atwork/caramelo_goiania_final/src/build/mapeamento_package/build/lib/mapeamento_package/odom.py -> /home/atwork/caramelo_goiania_final/src/install/mapeamento_package/lib/python3.10/site-packages/mapeamento_package
[0.871s] copying /home/atwork/caramelo_goiania_final/src/build/mapeamento_package/build/lib/mapeamento_package/__init__.py -> /home/atwork/caramelo_goiania_final/src/install/mapeamento_package/lib/python3.10/site-packages/mapeamento_package
[0.871s] byte-compiling /home/atwork/caramelo_goiania_final/src/install/mapeamento_package/lib/python3.10/site-packages/mapeamento_package/odom.py to odom.cpython-310.pyc
[0.872s] byte-compiling /home/atwork/caramelo_goiania_final/src/install/mapeamento_package/lib/python3.10/site-packages/mapeamento_package/__init__.py to __init__.cpython-310.pyc
[0.872s] running install_data
[0.872s] creating /home/atwork/caramelo_goiania_final/src/install/mapeamento_package/share/ament_index
[0.872s] creating /home/atwork/caramelo_goiania_final/src/install/mapeamento_package/share/ament_index/resource_index
[0.872s] creating /home/atwork/caramelo_goiania_final/src/install/mapeamento_package/share/ament_index/resource_index/packages
[0.872s] copying resource/mapeamento_package -> /home/atwork/caramelo_goiania_final/src/install/mapeamento_package/share/ament_index/resource_index/packages
[0.872s] copying package.xml -> /home/atwork/caramelo_goiania_final/src/install/mapeamento_package/share/mapeamento_package
[0.872s] creating /home/atwork/caramelo_goiania_final/src/install/mapeamento_package/share/mapeamento_package/launch
[0.872s] copying launch/mapping.launch.py -> /home/atwork/caramelo_goiania_final/src/install/mapeamento_package/share/mapeamento_package/launch
[0.872s] copying launch/rsp.launch.py -> /home/atwork/caramelo_goiania_final/src/install/mapeamento_package/share/mapeamento_package/launch
[0.872s] copying launch/online_async.launch.py -> /home/atwork/caramelo_goiania_final/src/install/mapeamento_package/share/mapeamento_package/launch
[0.872s] creating /home/atwork/caramelo_goiania_final/src/install/mapeamento_package/share/mapeamento_package/description
[0.872s] copying description/inertial_macros.xacro -> /home/atwork/caramelo_goiania_final/src/install/mapeamento_package/share/mapeamento_package/description
[0.872s] copying description/camera.xacro -> /home/atwork/caramelo_goiania_final/src/install/mapeamento_package/share/mapeamento_package/description
[0.872s] copying description/robot_core.xacro -> /home/atwork/caramelo_goiania_final/src/install/mapeamento_package/share/mapeamento_package/description
[0.872s] copying description/laser.xacro -> /home/atwork/caramelo_goiania_final/src/install/mapeamento_package/share/mapeamento_package/description
[0.872s] copying description/ros2_control.xacro -> /home/atwork/caramelo_goiania_final/src/install/mapeamento_package/share/mapeamento_package/description
[0.872s] copying description/gazebo_control.xacro -> /home/atwork/caramelo_goiania_final/src/install/mapeamento_package/share/mapeamento_package/description
[0.872s] copying description/robot.urdf.xacro -> /home/atwork/caramelo_goiania_final/src/install/mapeamento_package/share/mapeamento_package/description
[0.872s] running install_egg_info
[0.873s] Copying ../build/mapeamento_package/mapeamento_package.egg-info to /home/atwork/caramelo_goiania_final/src/install/mapeamento_package/lib/python3.10/site-packages/mapeamento_package-0.0.0-py3.10.egg-info
[0.873s] running install_scripts
[0.884s] Installing odom_node script to /home/atwork/caramelo_goiania_final/src/install/mapeamento_package/bin
[0.884s] writing list of installed files to '/home/atwork/caramelo_goiania_final/src/build/mapeamento_package/install.log'
[0.896s] Invoked command in '/home/atwork/caramelo_goiania_final/src/mapeamento_package' returned '0': PYTHONPATH=/home/atwork/caramelo_goiania_final/src/build/mapeamento_package/prefix_override:/usr/lib/python3/dist-packages/colcon_core/task/python/colcon_distutils_commands:/home/atwork/caramelo_goiania_final/src/install/mapeamento_package/lib/python3.10/site-packages:${PYTHONPATH} /usr/bin/python3 -W ignore:setup.py install is deprecated setup.py egg_info --egg-base ../build/mapeamento_package build --build-base /home/atwork/caramelo_goiania_final/src/build/mapeamento_package/build install --record /home/atwork/caramelo_goiania_final/src/build/mapeamento_package/install.log --single-version-externally-managed install_data
