/home/atwork/caramelo_goiania_final/src/install/mapeamento_package/lib/python3.10/site-packages/mapeamento_package/odom.py
/home/atwork/caramelo_goiania_final/src/install/mapeamento_package/lib/python3.10/site-packages/mapeamento_package/__init__.py
/home/atwork/caramelo_goiania_final/src/install/mapeamento_package/lib/python3.10/site-packages/mapeamento_package/__pycache__/odom.cpython-310.pyc
/home/atwork/caramelo_goiania_final/src/install/mapeamento_package/lib/python3.10/site-packages/mapeamento_package/__pycache__/__init__.cpython-310.pyc
/home/atwork/caramelo_goiania_final/src/install/mapeamento_package/share/ament_index/resource_index/packages/mapeamento_package
/home/atwork/caramelo_goiania_final/src/install/mapeamento_package/share/mapeamento_package/package.xml
/home/atwork/caramelo_goiania_final/src/install/mapeamento_package/share/mapeamento_package/launch/mapping.launch.py
/home/atwork/caramelo_goiania_final/src/install/mapeamento_package/share/mapeamento_package/launch/rsp.launch.py
/home/atwork/caramelo_goiania_final/src/install/mapeamento_package/share/mapeamento_package/launch/online_async.launch.py
/home/atwork/caramelo_goiania_final/src/install/mapeamento_package/share/mapeamento_package/description/inertial_macros.xacro
/home/atwork/caramelo_goiania_final/src/install/mapeamento_package/share/mapeamento_package/description/camera.xacro
/home/atwork/caramelo_goiania_final/src/install/mapeamento_package/share/mapeamento_package/description/robot_core.xacro
/home/atwork/caramelo_goiania_final/src/install/mapeamento_package/share/mapeamento_package/description/laser.xacro
/home/atwork/caramelo_goiania_final/src/install/mapeamento_package/share/mapeamento_package/description/ros2_control.xacro
/home/atwork/caramelo_goiania_final/src/install/mapeamento_package/share/mapeamento_package/description/gazebo_control.xacro
/home/atwork/caramelo_goiania_final/src/install/mapeamento_package/share/mapeamento_package/description/robot.urdf.xacro
/home/atwork/caramelo_goiania_final/src/install/mapeamento_package/lib/python3.10/site-packages/mapeamento_package-0.0.0-py3.10.egg-info/dependency_links.txt
/home/atwork/caramelo_goiania_final/src/install/mapeamento_package/lib/python3.10/site-packages/mapeamento_package-0.0.0-py3.10.egg-info/top_level.txt
/home/atwork/caramelo_goiania_final/src/install/mapeamento_package/lib/python3.10/site-packages/mapeamento_package-0.0.0-py3.10.egg-info/PKG-INFO
/home/atwork/caramelo_goiania_final/src/install/mapeamento_package/lib/python3.10/site-packages/mapeamento_package-0.0.0-py3.10.egg-info/SOURCES.txt
/home/atwork/caramelo_goiania_final/src/install/mapeamento_package/lib/python3.10/site-packages/mapeamento_package-0.0.0-py3.10.egg-info/entry_points.txt
/home/atwork/caramelo_goiania_final/src/install/mapeamento_package/lib/python3.10/site-packages/mapeamento_package-0.0.0-py3.10.egg-info/zip-safe
/home/atwork/caramelo_goiania_final/src/install/mapeamento_package/lib/python3.10/site-packages/mapeamento_package-0.0.0-py3.10.egg-info/requires.txt
/home/atwork/caramelo_goiania_final/src/install/mapeamento_package/bin/odom_node
